<?xml version="1.0" encoding="UTF-8"?>
<!-- Generated by org.testng.reporters.JUnitReportReporter -->
<testsuite hostname="DESKTOP-VMBT9P0" name="org.testng.Amazon" tests="1" failures="0" timestamp="22 Jul 2022 02:50:03 GMT" time="25.475" errors="0">
  <testcase name="task" time="25.475" classname="org.testng.Amazon"/>
</testsuite> <!-- org.testng.Amazon -->
