<?xml version="1.0" encoding="UTF-8"?>
<!-- Generated by org.testng.reporters.JUnitReportReporter -->
<testsuite hostname="DESKTOP-VMBT9P0" name="org.testng.Demo" tests="1" failures="0" timestamp="4 May 2022 15:21:28 GMT" time="13.416" errors="0">
  <testcase name="tc5" time="13.416" classname="org.testng.Demo"/>
</testsuite> <!-- org.testng.Demo -->
