<?xml version="1.0" encoding="UTF-8"?>
<!-- Generated by org.testng.reporters.JUnitReportReporter -->
<testsuite hostname="DESKTOP-VMBT9P0" name="org.testng.TestNg" tests="1" failures="0" timestamp="4 May 2022 15:21:28 GMT" time="9.046" errors="0">
  <testcase name="tc1" time="9.046" classname="org.testng.TestNg"/>
</testsuite> <!-- org.testng.TestNg -->
